C:\USERS\MAR\DROPBOX\OF_V0.8.3_VS_RELEASE\OF_V0.8.3_VS_RELEASE\APPS\MYAPPS\HIGHESTHUMANTOWER\OBJ\DEBUG\MAIN.OBJ
C:\USERS\MAR\DROPBOX\OF_V0.8.3_VS_RELEASE\OF_V0.8.3_VS_RELEASE\APPS\MYAPPS\HIGHESTHUMANTOWER\OBJ\DEBUG\OFAPP.OBJ
C:\USERS\MAR\DROPBOX\OF_V0.8.3_VS_RELEASE\OF_V0.8.3_VS_RELEASE\APPS\MYAPPS\HIGHESTHUMANTOWER\OBJ\DEBUG\UTILS.OBJ
C:\USERS\MAR\DROPBOX\OF_V0.8.3_VS_RELEASE\OF_V0.8.3_VS_RELEASE\APPS\MYAPPS\HIGHESTHUMANTOWER\OBJ\DEBUG\BODYINDEX.OBJ
C:\USERS\MAR\DROPBOX\OF_V0.8.3_VS_RELEASE\OF_V0.8.3_VS_RELEASE\APPS\MYAPPS\HIGHESTHUMANTOWER\OBJ\DEBUG\COLOR.OBJ
C:\USERS\MAR\DROPBOX\OF_V0.8.3_VS_RELEASE\OF_V0.8.3_VS_RELEASE\APPS\MYAPPS\HIGHESTHUMANTOWER\OBJ\DEBUG\DEPTH.OBJ
C:\USERS\MAR\DROPBOX\OF_V0.8.3_VS_RELEASE\OF_V0.8.3_VS_RELEASE\APPS\MYAPPS\HIGHESTHUMANTOWER\OBJ\DEBUG\INFRARED.OBJ
C:\USERS\MAR\DROPBOX\OF_V0.8.3_VS_RELEASE\OF_V0.8.3_VS_RELEASE\APPS\MYAPPS\HIGHESTHUMANTOWER\OBJ\DEBUG\LONGEXPOSUREINFRARED.OBJ
C:\USERS\MAR\DROPBOX\OF_V0.8.3_VS_RELEASE\OF_V0.8.3_VS_RELEASE\APPS\MYAPPS\HIGHESTHUMANTOWER\OBJ\DEBUG\VC110.PDB
C:\USERS\MAR\DROPBOX\OF_V0.8.3_VS_RELEASE\OF_V0.8.3_VS_RELEASE\APPS\MYAPPS\HIGHESTHUMANTOWER\OBJ\DEBUG\DEVICE.OBJ
C:\USERS\MAR\DROPBOX\OF_V0.8.3_VS_RELEASE\OF_V0.8.3_VS_RELEASE\APPS\MYAPPS\HIGHESTHUMANTOWER\OBJ\DEBUG\BASEIMAGE.OBJ
C:\USERS\MAR\DROPBOX\OF_V0.8.3_VS_RELEASE\OF_V0.8.3_VS_RELEASE\APPS\MYAPPS\HIGHESTHUMANTOWER\OBJ\DEBUG\BODYFRAME.OBJ
C:\Users\mar\Dropbox\of_v0.8.3_vs_release\of_v0.8.3_vs_release\apps\myApps\highestHumanTower\bin\highestHumanTower_debug.lib
C:\Users\mar\Dropbox\of_v0.8.3_vs_release\of_v0.8.3_vs_release\apps\myApps\highestHumanTower\bin\highestHumanTower_debug.exp
C:\USERS\MAR\DROPBOX\OF_V0.8.3_VS_RELEASE\OF_V0.8.3_VS_RELEASE\APPS\MYAPPS\HIGHESTHUMANTOWER\BIN\HIGHESTHUMANTOWER_DEBUG.ILK
C:\USERS\MAR\DROPBOX\OF_V0.8.3_VS_RELEASE\OF_V0.8.3_VS_RELEASE\APPS\MYAPPS\HIGHESTHUMANTOWER\BIN\HIGHESTHUMANTOWER_DEBUG.EXE
C:\USERS\MAR\DROPBOX\OF_V0.8.3_VS_RELEASE\OF_V0.8.3_VS_RELEASE\APPS\MYAPPS\HIGHESTHUMANTOWER\BIN\HIGHESTHUMANTOWER_DEBUG.PDB
C:\USERS\MAR\DROPBOX\OF_V0.8.3_VS_RELEASE\OF_V0.8.3_VS_RELEASE\APPS\MYAPPS\HIGHESTHUMANTOWER\OBJ\DEBUG\ICON.RES
C:\Users\mar\Dropbox\of_v0.8.3_vs_release\of_v0.8.3_vs_release\apps\myApps\highestHumanTower\obj\Debug\highestHumanTower.vcxprojResolveAssemblyReference.cache
C:\Users\mar\Dropbox\of_v0.8.3_vs_release\of_v0.8.3_vs_release\apps\myApps\highestHumanTower\obj\Debug\BaseImage.obj
C:\Users\mar\Dropbox\of_v0.8.3_vs_release\of_v0.8.3_vs_release\apps\myApps\highestHumanTower\obj\Debug\BodyFrame.obj
C:\Users\mar\Dropbox\of_v0.8.3_vs_release\of_v0.8.3_vs_release\apps\myApps\highestHumanTower\obj\Debug\BodyIndex.obj
C:\Users\mar\Dropbox\of_v0.8.3_vs_release\of_v0.8.3_vs_release\apps\myApps\highestHumanTower\obj\Debug\Color.obj
C:\Users\mar\Dropbox\of_v0.8.3_vs_release\of_v0.8.3_vs_release\apps\myApps\highestHumanTower\obj\Debug\Depth.obj
C:\Users\mar\Dropbox\of_v0.8.3_vs_release\of_v0.8.3_vs_release\apps\myApps\highestHumanTower\obj\Debug\Device.obj
C:\Users\mar\Dropbox\of_v0.8.3_vs_release\of_v0.8.3_vs_release\apps\myApps\highestHumanTower\obj\Debug\Infrared.obj
C:\Users\mar\Dropbox\of_v0.8.3_vs_release\of_v0.8.3_vs_release\apps\myApps\highestHumanTower\obj\Debug\LongExposureInfraRed.obj
C:\Users\mar\Dropbox\of_v0.8.3_vs_release\of_v0.8.3_vs_release\apps\myApps\highestHumanTower\obj\Debug\main.obj
C:\Users\mar\Dropbox\of_v0.8.3_vs_release\of_v0.8.3_vs_release\apps\myApps\highestHumanTower\obj\Debug\ofApp.obj
C:\Users\mar\Dropbox\of_v0.8.3_vs_release\of_v0.8.3_vs_release\apps\myApps\highestHumanTower\obj\Debug\Utils.obj
C:\Users\mar\Dropbox\of_v0.8.3_vs_release\of_v0.8.3_vs_release\apps\myApps\highestHumanTower\obj\Debug\cl.command.1.tlog
C:\Users\mar\Dropbox\of_v0.8.3_vs_release\of_v0.8.3_vs_release\apps\myApps\highestHumanTower\obj\Debug\CL.read.1.tlog
C:\Users\mar\Dropbox\of_v0.8.3_vs_release\of_v0.8.3_vs_release\apps\myApps\highestHumanTower\obj\Debug\CL.write.1.tlog
C:\Users\mar\Dropbox\of_v0.8.3_vs_release\of_v0.8.3_vs_release\apps\myApps\highestHumanTower\obj\Debug\highestHumanTower.write.1.tlog
C:\Users\mar\Dropbox\of_v0.8.3_vs_release\of_v0.8.3_vs_release\apps\myApps\highestHumanTower\obj\Debug\link-cvtres.read.1.tlog
C:\Users\mar\Dropbox\of_v0.8.3_vs_release\of_v0.8.3_vs_release\apps\myApps\highestHumanTower\obj\Debug\link-cvtres.write.1.tlog
C:\Users\mar\Dropbox\of_v0.8.3_vs_release\of_v0.8.3_vs_release\apps\myApps\highestHumanTower\obj\Debug\link-rc.read.1.tlog
C:\Users\mar\Dropbox\of_v0.8.3_vs_release\of_v0.8.3_vs_release\apps\myApps\highestHumanTower\obj\Debug\link-rc.write.1.tlog
C:\Users\mar\Dropbox\of_v0.8.3_vs_release\of_v0.8.3_vs_release\apps\myApps\highestHumanTower\obj\Debug\link.command.1.tlog
C:\Users\mar\Dropbox\of_v0.8.3_vs_release\of_v0.8.3_vs_release\apps\myApps\highestHumanTower\obj\Debug\link.read.1.tlog
C:\Users\mar\Dropbox\of_v0.8.3_vs_release\of_v0.8.3_vs_release\apps\myApps\highestHumanTower\obj\Debug\link.write.1.tlog
C:\Users\mar\Dropbox\of_v0.8.3_vs_release\of_v0.8.3_vs_release\apps\myApps\highestHumanTower\obj\Debug\rc.command.1.tlog
C:\Users\mar\Dropbox\of_v0.8.3_vs_release\of_v0.8.3_vs_release\apps\myApps\highestHumanTower\obj\Debug\rc.read.1.tlog
C:\Users\mar\Dropbox\of_v0.8.3_vs_release\of_v0.8.3_vs_release\apps\myApps\highestHumanTower\obj\Debug\rc.write.1.tlog
C:\Users\mar\Dropbox\of_v0.8.3_vs_release\of_v0.8.3_vs_release\apps\myApps\highestHumanTower\obj\Debug\icon.res
C:\Users\mar\Dropbox\of_v0.8.3_vs_release\of_v0.8.3_vs_release\apps\myApps\highestHumanTower\obj\Debug\vc110.idb
C:\Users\mar\Dropbox\of_v0.8.3_vs_release\of_v0.8.3_vs_release\apps\myApps\highestHumanTower\obj\Debug\vc110.pdb
C:\Users\mar\Dropbox\of_v0.8.3_vs_release\of_v0.8.3_vs_release\apps\myApps\highestHumanTower\bin\highestHumanTower_debug.exe
